C251 COMPILER V5.60.0,  FlowMeter                                                          11/06/24  18:06:00  PAGE 1   


C251 COMPILER V5.60.0, COMPILATION OF MODULE FlowMeter
OBJECT MODULE PLACED IN .\obj\FlowMeter.obj
COMPILER INVOKED BY: D:\KeilMDK\C251\BIN\C251.EXE ModBus\FlowMeter.c XSMALL OPTIMIZE(0,SPEED) BROWSE INCDIR(.\Ads1110;.\
                    -Flash;.\mcp4725;.\IIC;.\MwPro;.\Uart;.\Lcd;.\ModBus;.\BSP) PRINT(.\obj\FlowMeter.lst) OBJECT(.\obj\FlowMeter.obj) 

stmt  level    source

    1          #include "main.h"
    2          #include "FlowMeter.h"
    3          #include "LcdApp.h"
    4          #include "ModBusHost.h"
    5          
    6          extern HOST_SEND_FRAME xdata  HostSendFrame;   // 发送帧
    7          extern DEVICE_READ_ACK xdata  ReadAckFrame;    // 读接收帧
    8          extern DEVICE_WRITE_ACK xdata WriteAckFrame;  // 写接收帧
    9          
   10          
   11          
   12          // Count :  寄存器个数
   13          void SendReadFlow(BYTE ch)
   14          {
   15   1          WORD RegCnt = 2;
   16   1          HostSendCmd(RS485, ch, CMD_READ_REG, FLOW_VALUE_REG, RegCnt, NULL);
   17   1      }
   18          
   19          
   20          
   21          
   22          void FlowMeterAck(BYTE *Buf, BYTE Len)
   23          {
   24   1          BYTE ch;
   25   1          if (!ValidRtuFrame(Buf, Len))
   26   1          {
   27   2              //DebugMsg("Comm err\r\n",10);
   28   2              return;
   29   2          }
   30   1      
   31   1          memset(&ReadAckFrame, 0, sizeof(DEVICE_READ_ACK));
   32   1          memcpy(&ReadAckFrame, Buf, Len);
   33   1         
   34   1          ch = ReadAckFrame.Address; 
   35   1          switch(ReadAckFrame.FunctionCode)
   36   1          {      
   37   2              
   38   2          }
   39   1      }
   40          


Module Information          Static   Overlayable
------------------------------------------------
  code size            =       109     ------
  ecode size           =    ------     ------
  data size            =    ------     ------
  idata size           =    ------     ------
  pdata size           =    ------     ------
  xdata size           =    ------     ------
  xdata-const size     =    ------     ------
  edata size           =         9     ------
  bit size             =    ------     ------
  ebit size            =    ------     ------
  bitaddressable size  =    ------     ------
  ebitaddressable size =    ------     ------
  far data size        =    ------     ------
  huge data size       =    ------     ------
  const size           =    ------     ------
C251 COMPILER V5.60.0,  FlowMeter                                                          11/06/24  18:06:00  PAGE 2   

  hconst size          =    ------     ------
End of Module Information.


C251 COMPILATION COMPLETE.  0 WARNING(S),  0 ERROR(S)
