C251 COMPILER V5.60.0,  LcdApp                                                             12/11/24  14:59:45  PAGE 1   


C251 COMPILER V5.60.0, COMPILATION OF MODULE LcdApp
OBJECT MODULE PLACED IN .\obj\LcdApp.obj
COMPILER INVOKED BY: D:\KeilMDK\C251\BIN\C251.EXE Lcd\LcdApp.c XSMALL OPTIMIZE(0,SPEED) BROWSE INCDIR(.\Ads1110;.\Flash;
                    -.\mcp4725;.\IIC;.\MwPro;.\Uart;.\Lcd;.\ModBus;.\Probe;.\BSP;.\MwPro) PRINT(.\obj\LcdApp.lst) OBJECT(.\obj\LcdApp.obj) 

stmt  level    source

    1          //#include "pch.h"
    2          
    3          #include "main.h"
    4          #include "Lcd.h"
    5          #include "LcdApp.h"
    6          #include "cmd.h"
    7          
    8          
    9          //#include "SerialPort.h"
   10          //#include "SampDemo.h"
   11          //#include "SampDemoDlg.h"
   12          
   13          #define Log //((CSampDemoDlg *)theApp.m_pMainWnd)->AddLog
   14          
   15          #define TEMP_BUF_LEN  128
   16          BYTE xdata TempBuf[TEMP_BUF_LEN] = {0};
   17          
   18          WORD xdata ScaleBuf[SCALE_NUM] = {SPIN_SCALE0_VAL,SPIN_SCALE1_VAL,SPIN_SCALE2_VAL,SPIN_SCALE3_VAL,
   19                                              SPIN_SCALE4_VAL,SPIN_SCALE5_VAL,SPIN_SCALE6_VAL,SPIN_SCALE7_VAL,
   20                                              SPIN_SCALE8_VAL,SPIN_SCALE9_VAL,SPIN_SCALE10_VAL};
   21          
   22          SHOW_PARAM xdata ShowParam;
   23          SHOW_CPS xdata ShowCpsMode;
   24          
   25          RUN_INFO xdata RunInfo;
   26          DEV_INFO xdata DevInfo;
   27          
   28          bool NeedGetRet = false;
   29          BYTE DoseRateAlarm = 0; // 默认状态正常
   30          BYTE HisAlarm = 0;
   31          
   32          extern BYTE code VERSION;
   33          extern SYS_PARAM xdata SysParam;
   34          extern LP_SYSTEM_STTAE SysRunState;
   35          
   36          WORD code StatusPoint[3] = 
   37          {
   38              MP_DOSERATE_END,MP_SCALE_UNIT_END,MP_UNIT_END//0xA300,0xA400,0xA500,0xA600,0xA700,0xA100
   39          };
   40          
   41          WORD code TxtColor[3] = 
   42          {
   43              //正常     低剂量率       高剂量率                    //禁用 
   44              //绿色     黄色         红色                      //白色 
   45              0x07E8,0xFFE0,0xF800              //0x7E80,0xFFFF,
   46          };
   47          
   48          char code UnitText[3][8] =
   49          {
   50              "μSv/h",
   51              "mSv/h",
   52              "Sv/h"
   53          };
   54          
   55          void ShowDevInfo()
   56          {
   57   1          memset(&DevInfo, 0, sizeof(DEV_INFO));
   58   1      
C251 COMPILER V5.60.0,  LcdApp                                                             12/11/24  14:59:45  PAGE 2   

   59   1          sprintf(DevInfo.SoftVer,"V%d.%d.%d", VERSION/100, VERSION%100/10, VERSION%10 );
   60   1          LcdCmd(LCD_CMD_WRITE, REG_DEV_TYPE, (BYTE *)&DevInfo, 32);
   61   1      }
   62          
   63          
   64          void GetRetCode()
   65          {
   66   1          BYTE len = 1;
   67   1      
   68   1          if (NeedGetRet)
   69   1          {
   70   2              LcdCmd(LCD_CMD_READ, REG_RETRUN, &len, 1);
   71   2          }
   72   1      }
   73          
   74          
   75          // 调整状态文字的颜色
   76          void StatusColor(bool force)
   77          {
   78   1          BYTE i;
   79   1          for (i=0;i<3;i++)
   80   1          {
   81   2              if ((DoseRateAlarm != HisAlarm) || force)
   82   2              {
   83   3                  delay_ms(200);
   84   3                  if((DoseRateAlarm == ALM_DOSERATE_PRE)||(DoseRateAlarm == ALM_DOSE_PRE))
   85   3                  {
   86   4                      SetTextColor(StatusPoint[i], SwWord(TxtColor[1]));
   87   4                  }
   88   3                  else if((DoseRateAlarm == ALM_DOSERATE_ERROR) ||(DoseRateAlarm == ALM_DOSE_ERROR)
   89   3                      ||(DoseRateAlarm == ALM_DOSE_OVER) )
   90   3                  {
   91   4                      SetTextColor(StatusPoint[i], SwWord(TxtColor[2]));
   92   4                  }
   93   3                  else
   94   3                  {
   95   4                      SetTextColor(StatusPoint[i], SwWord(TxtColor[0]));
   96   4                  }
   97   3              }
   98   2          }
   99   1      }
  100          
  101          void SetRunTime(DWORD tm)
  102          {
  103   1          WORD h,m,s;
  104   1          h = (WORD)(tm/3600);
  105   1          m = (tm%3600)/60;
  106   1          s = tm%60;
  107   1          //memset(RunInfo.RunTime,0,16);
  108   1          //sprintf((char *)RunInfo.RunTime, "%04d:%02d:%02d",h,m,s);
  109   1          //WriteParam();
  110   1      }
  111          
  112          void ShowDoseRate()
  113          {
  114   1          memcpy((char *)RunInfo.Name,(char *)SysParam.s_General_Info.Name,32);
  115   1          switch(ProbeSwitch)
  116   1          {
  117   2              case 0:
  118   2                      RunInfo.Cps1 = (DWORD)SysRunState.s_CPS.CPS1;
  119   2                      RunInfo.Cps2 = (DWORD)SysRunState.s_CPS.CPS2;
  120   2                      break;
  121   2              case 1:   
  122   2                      RunInfo.Cps1 = (DWORD)SysRunState.s_CPS.CPS1;
  123   2                      break;
  124   2              case 2:
C251 COMPILER V5.60.0,  LcdApp                                                             12/11/24  14:59:45  PAGE 3   

  125   2                      RunInfo.Cps1 = (DWORD)SysParam.Pd_param.s_DoseRate.Cps1;
  126   2                      break;
  127   2          }         
  128   1          LcdCmd(LCD_CMD_WRITE, REG_DOSERATE, (BYTE *)&RunInfo, sizeof(RUN_INFO));
  129   1      }
  130          
  131          //CPS数据显示
  132          void ShowCps()
  133          {
  134   1          if(SysParam.Cps_Enable)
  135   1          {
  136   2              switch(ProbeSwitch)
  137   2              {
  138   3                  case 0:
  139   3                      ShowModule(MP_CPS1_END,REG_CPS1);
  140   3                      SetTextIntegerNum(MP_CPS1_END,0x0207);
  141   3                      ShowModule(MP_CPS2_END,REG_CPS2);
  142   3                                      SetTextIntegerNum(MP_CPS2_END,0x0207);
  143   3                      break;
  144   3                  case 1:
  145   3                      ShowModule(MP_CPS1_END,REG_CPS1);
  146   3                      SetTextIntegerNum(MP_CPS1_END,0x0009);
  147   3                      break;
  148   3                  case 2:
  149   3                      ShowModule(MP_CPS1_END,REG_CPS1);
  150   3                      SetTextIntegerNum(MP_CPS1_END,0x0206);
  151   3                      break;
  152   3              }
  153   2          }
  154   1          else
  155   1          {
  156   2              HideModule(MP_CPS1_END);
  157   2              HideModule(MP_CPS2_END);
  158   2          }
  159   1      }
  160          
  161          //边框黑黄闪烁
  162          void ShowBorderY()
  163          {
  164   1          static BYTE t = 0;
  165   1          
  166   1          ShowIcon(REG_TOP_BORDER,1);
  167   1          ShowIcon(REG_LEFT_BORDER,1);   
  168   1          ShowIcon(REG_BELOW_BORDER,1);
  169   1          ShowIcon(REG_RIGHT_BORDER,1);
  170   1          t++;
  171   1          if(t>1)
  172   1          {   t = 0;
  173   2              ShowIcon(REG_TOP_BORDER,2);
  174   2              ShowIcon(REG_LEFT_BORDER,2);   
  175   2              ShowIcon(REG_BELOW_BORDER,2);
  176   2              ShowIcon(REG_RIGHT_BORDER,2);
  177   2          }
  178   1      }
  179          
  180          //边框黑红闪烁
  181          void ShowBorderR()
  182          {
  183   1          static BYTE t = 0;
  184   1          ShowIcon(REG_TOP_BORDER,1);
  185   1          ShowIcon(REG_LEFT_BORDER,1);   
  186   1          ShowIcon(REG_BELOW_BORDER,1);
  187   1          ShowIcon(REG_RIGHT_BORDER,1);
  188   1          t++;
  189   1          if(t>1)
  190   1          {   t = 0;
C251 COMPILER V5.60.0,  LcdApp                                                             12/11/24  14:59:45  PAGE 4   

  191   2              ShowIcon(REG_TOP_BORDER,3);
  192   2              ShowIcon(REG_LEFT_BORDER,3);   
  193   2              ShowIcon(REG_BELOW_BORDER,3);
  194   2              ShowIcon(REG_RIGHT_BORDER,3);
  195   2              
  196   2          }
  197   1      }
  198          
  199          //隐藏边框
  200          void HideBorder()
  201          {
  202   1          ShowIcon(REG_TOP_BORDER,0);
  203   1          ShowIcon(REG_LEFT_BORDER,0);   
  204   1          ShowIcon(REG_BELOW_BORDER,0);
  205   1          ShowIcon(REG_RIGHT_BORDER,0);
  206   1      }
  207          
  208          void SendCps()
  209          {  
  210   1          ShowCpsMode.Cps_Check = SwWord((WORD)SysParam.Cps_Check);
  211   1          ShowCpsMode.Cps_Enable = SwWord((WORD)SysParam.Cps_Enable);
  212   1          LcdCmd(LCD_CMD_WRITE, REG_CPS_CHECK, (BYTE *)&ShowCpsMode, sizeof(SHOW_CPS));
  213   1      }
  214          
  215          void SendParam()
  216          {
  217   1          switch(ProbeSwitch)
  218   1          {
  219   2              case 0:
  220   2              case 1: //memcpy(SysParam.s_General_Info.Name,SysParam.Lp_Param.Name,32);
  221   2                      //SysParam.s_General_Info.Address = SysParam.Lp_Param.address;
  222   2                      ShowParam.PreAlarmThres = SwDWord((DWORD)SysParam.Lp_Param.s_Alarm.DoseRatePreAlarm);
  223   2                      ShowParam.AlarmThres = SwDWord((DWORD)SysParam.Lp_Param.s_Alarm.DoseRateAlarm);
  224   2                      break;
  225   2              case 2: //memcpy(SysParam.s_General_Info.Name,SysParam.Pd_param.s_PdInfo.Name,32);    
  226   2                      //SysParam.s_General_Info.Address = SysParam.Pd_param.Address;
  227   2                      ShowParam.PreAlarmThres = SwDWord((DWORD)SysParam.Pd_param.s_Alarm.DoseRatePreAlarm);
  228   2                      ShowParam.AlarmThres = SwDWord((DWORD)SysParam.Pd_param.s_Alarm.DoseRateAlarm);
  229   2                      break;
  230   2          }
  231   1          
  232   1          //ShowParam.BkLight = SwWord((WORD)SysParam.BkLight);
  233   1          memcpy(ShowParam.Name,SysParam.s_General_Info.Name,32);
  234   1          ShowParam.Address = SwWord((WORD)SysParam.s_General_Info.Address);
  235   1          //memcpy(ShowParam.MP3Txt,SysParam.MP3Txt,112);
  236   1          
  237   1          LcdCmd(LCD_CMD_WRITE, REG_SYS_PARAM, (BYTE *)&ShowParam, sizeof(SHOW_PARAM));
  238   1      }
  239          
  240          
  241          // 获取修改后的时间
  242          void GetInputTime()
  243          {
  244   1          BYTE len = 7;
  245   1          NeedGetRet = true;
  246   1          //delay_ms(300);
  247   1          LcdCmd(LCD_CMD_READ, REG_DATE_TIME, &len, 1);
  248   1      }
  249          
  250          // 在时间设置界面写入当前时间
  251          void SetCurTime()
  252          {
  253   1          LCD_FRAME *pFrame;
  254   1          LCD_DATE_TIME  ldt;
  255   1          
  256   1          BYTE dt[8] = {0};
C251 COMPILER V5.60.0,  LcdApp                                                             12/11/24  14:59:45  PAGE 5   

  257   1          pFrame = (LCD_FRAME *)&RecvBuf1[LcdFrameloc];
  258   1          if (!CheckDataLen(4))
  259   1          {
  260   2              return;
  261   2          }
  262   1          
  263   1          memcpy(dt, &pFrame->Data[1], 8);
  264   1          
  265   1          ldt.YearH = SwWord((WORD)(dt[0]/10));
  266   1          ldt.YearL = SwWord((WORD)(dt[0]%10));
  267   1          ldt.Month = SwWord((WORD)dt[1]);
  268   1          ldt.Day   = SwWord((WORD)dt[2]);
  269   1      
  270   1          ldt.Hour   = SwWord((WORD)dt[4]);
  271   1          ldt.Minute = SwWord((WORD)dt[5]);
  272   1          ldt.Secend = SwWord((WORD)dt[6]);
  273   1      
  274   1          LcdCmd(LCD_CMD_WRITE, REG_DATE_TIME, (BYTE *)&ldt, sizeof(LCD_DATE_TIME));
  275   1          
  276   1      }
  277          
  278          void Cps_Check()
  279          {
  280   1          if(SysParam.Cps_Check)
  281   1          {
  282   2              ShowModule(MP_CPS_ONOFF_END,REG_CPS_ONOFF);  
  283   2              ShowControl();
  284   2          }
  285   1          else
  286   1          {
  287   2              HideModule(MP_CPS_ONOFF_END);
  288   2              HideControl();
  289   2          }
  290   1      }
  291          
  292          void ReadReg()
  293          {
  294   1          LCD_FRAME *pFrame = (LCD_FRAME *)&RecvBuf1[LcdFrameloc];
  295   1          WORD addr = SwWord(pFrame->Addr);
  296   1          //BYTE res;
  297   1          DebugInt(addr);
  298   1          
  299   1          switch (addr)
  300   1          {
  301   2              // 主界面
  302   2              case REG_TIME_BTN: GetLcdTime();                            break;  // 点击时间
  303   2      
  304   2              // 修改时间
  305   2              case REG_ADJ_TIME:   GetInputTime();                        break;    // 时间修改完成，点击了返回
             -按钮
  306   2              case REG_DATE_TIME:  SetLcdTime();                          break;    // 修改屏幕RTC      
  307   2              case LCD_REG_RTC:    SetCurTime();                          break;   // 获取屏幕时间返回     
  308   2              //CPS显示
  309   2              case REG_CPS_CHECK:  SysParam.Cps_Check = (BYTE)PopWord(); Cps_Check(); break;   // CPS通道显示按
             -钮
  310   2              case REG_CPS_ONOFF:  SysParam.Cps_Enable = (BYTE)PopWord();   break;   // CPS通道按钮
  311   2          }
  312   1      
  313   1      }
  314          
  315          
  316          void WriteReg()
  317          {
  318   1          #if 0
                   LCD_FRAME *pFrame = (LCD_FRAME *)&RecvBuf1[LcdFrameloc];
                   CString str;
C251 COMPILER V5.60.0,  LcdApp                                                             12/11/24  14:59:45  PAGE 6   

                   str.Format(_T("Write:0x%04X\r\n"), SwWord(pFrame->Addr));
                   Log(str);
                   #endif
  324   1      }
  325          


Module Information          Static   Overlayable
------------------------------------------------
  code size            =      1642     ------
  ecode size           =    ------     ------
  data size            =    ------     ------
  idata size           =    ------     ------
  pdata size           =    ------     ------
  xdata size           =       404     ------
  xdata-const size     =    ------     ------
  edata size           =        51     ------
  bit size             =    ------     ------
  ebit size            =    ------     ------
  bitaddressable size  =    ------     ------
  ebitaddressable size =    ------     ------
  far data size        =    ------     ------
  huge data size       =    ------     ------
  const size           =    ------     ------
  hconst size          =       203     ------
End of Module Information.


C251 COMPILATION COMPLETE.  0 WARNING(S),  0 ERROR(S)
