C251 COMPILER V5.60.0,  mcp4725                                                            12/11/24  14:59:46  PAGE 1   


C251 COMPILER V5.60.0, COMPILATION OF MODULE mcp4725
OBJECT MODULE PLACED IN .\obj\mcp4725.obj
COMPILER INVOKED BY: D:\KeilMDK\C251\BIN\C251.EXE mcp4725\mcp4725.c XSMALL OPTIMIZE(0,SPEED) BROWSE INCDIR(.\Ads1110;.\F
                    -lash;.\mcp4725;.\IIC;.\MwPro;.\Uart;.\Lcd;.\ModBus;.\Probe;.\BSP;.\MwPro) PRINT(.\obj\mcp4725.lst) OBJECT(.\obj\mcp4725.
                    -obj) 

stmt  level    source

    1          #include "main.h"
    2          #include "mcp4725.h"
    3          #include "i2c.h"
    4          
    5          
    6          BYTE ThresAddr[SENSOR_COUNT] =
    7          {
    8              MCP4725_S1_ADDR,
    9              MCP4725_S2_ADDR,
   10              MCP4725_S3_ADDR,
   11              MCP4725_S4_ADDR
   12          };
   13          
   14          unsigned int MCP4725_OutVol(BYTE addr,char *voltage)
   15          {
   16   1              DWORD uiVolTemp;
   17   1          unsigned int vol_tmp;
   18   1          BYTE out_data = 0;
   19   1      
   20   1          char yuzhibuf[5]={0};
   21   1          memcpy(yuzhibuf,voltage,4);
   22   1          yuzhibuf[4] = 0;
   23   1          vol_tmp = atoi(yuzhibuf);
   24   1          
   25   1          if(vol_tmp >= MCP4725_REF_VOL)
   26   1          {
   27   2              //printf("input voltage > ref voltage\r\n");
   28   2              return 0;
   29   2          }
   30   1      
   31   1          uiVolTemp = vol_tmp;
   32   1              uiVolTemp = uiVolTemp*4096l/MCP4725_REF_VOL;
   33   1              I2C_Start(1);
   34   1              out_data = addr<<1;
   35   1              I2C_Write_Byte(1);
   36   1              I2C_ReadAck(1);
   37   1              out_data = ((uiVolTemp>>8)&0xf)|MCP4725_PD_MODE;   // 高8位
   38   1          //out_data = uiVolTemp & 0xff;       // 低8位
   39   1              I2C_Write_Byte(1);
   40   1              I2C_ReadAck(1);
   41   1          //out_data = ((uiVolTemp>>8)&0xf)|MCP4725_PD_MODE;   // 高8位
   42   1              out_data = uiVolTemp & 0xff;       // 低8位
   43   1              I2C_Write_Byte(1);
   44   1              I2C_ReadAck(1);
   45   1              I2C_Stop(1);
   46   1      
   47   1          return 1;
   48   1      }
   49          
   50          #if 0
               unsigned int MCP4725_Read(unsigned char addr)
               {
                       unsigned int uiTemp1,uiTemp2,dat;
               
                       I2C_Start();
                       I2C_Write_Byte((addr<<1) | 1);
                       I2C_Read_Byte(I2C_ACK);
C251 COMPILER V5.60.0,  mcp4725                                                            12/11/24  14:59:46  PAGE 2   

                       uiTemp1 = I2C_Read_Byte(I2C_ACK);
                       uiTemp2 = I2C_Read_Byte(I2C_NACK);
                       I2C_Stop();
                       dat = ((uiTemp1&0xf)<<4 |(uiTemp2>>4) ) | (uiTemp1<<4); 
                       return dat;
               }
               #endif
   65          


Module Information          Static   Overlayable
------------------------------------------------
  code size            =       849     ------
  ecode size           =    ------     ------
  data size            =    ------     ------
  idata size           =    ------     ------
  pdata size           =    ------     ------
  xdata size           =    ------     ------
  xdata-const size     =    ------     ------
  edata size           =        24     ------
  bit size             =    ------     ------
  ebit size            =    ------     ------
  bitaddressable size  =    ------     ------
  ebitaddressable size =    ------     ------
  far data size        =    ------     ------
  huge data size       =    ------     ------
  const size           =    ------     ------
  hconst size          =        13     ------
End of Module Information.


C251 COMPILATION COMPLETE.  0 WARNING(S),  0 ERROR(S)
