C251 COMPILER V5.60.0,  ModBusHost                                                         28/02/25  09:05:18  PAGE 1   


C251 COMPILER V5.60.0, COMPILATION OF MODULE ModBusHost
OBJECT MODULE PLACED IN .\obj\ModBusHost.obj
COMPILER INVOKED BY: D:\KeilMDK\C251\BIN\C251.EXE ModBus\ModBusHost.c XSMALL OPTIMIZE(0,SPEED) BROWSE INCDIR(.\Ads1110;.
                    -\Flash;.\mcp4725;.\IIC;.\MwPro;.\Uart;.\Lcd;.\ModBus;.\Probe;.\BSP;.\MwPro) PRINT(.\obj\ModBusHost.lst) OBJECT(.\obj\Mod
                    -BusHost.obj) 

stmt  level    source

    1          #include <stdio.h>
    2          #include <string.h>
    3          
    4          
    5          #include "main.h"
    6          #include "Lcd.h"
    7          #include "LcdApp.h"
    8          #include "ModBus.h"
    9          #include "ModBusHost.h"
   10          #include "uart.h"
   11          
   12          
   13          /*
   14          ModBus 帧格式
   15          1. 发送帧
   16          地址           命令     寄存器    寄存器数量    数据                                             CRC   
   17          0A(固定值)     Cmd(1)   RX(2)     n(2)          无数据表示读取、有数据表示写对应的寄存器 
   18          
   19          数据定义:  长度 + 数据
   20                     n*2    dat(n*2)
   21          
   22          2. 应答帧 -- 返回数据
   23          地址           命令   数据长度    数据      CRC   
   24          0A(固定值)     Cmd    n(1)        dat(n)
   25          
   26          3. 应答帧 -- 返回状态
   27          地址           命令   寄存器   寄存器数量     CRC   
   28          0A(固定值)     Cmd    Rx(2)    n(2)                       
   29          */
   30          
   31          HOST_SEND_FRAME xdata  HostSendFrame;   // 发送帧
   32          DEVICE_READ_ACK xdata  ReadAckFrame;    // 读接收帧
   33          DEVICE_WRITE_ACK xdata WriteAckFrame;  // 写接收帧
   34          
   35          
   36          BYTE MbId[2] = {0};
   37          
   38          
   39          WORD HostBufIndex = 0;
   40          
   41          
   42          WORD PopReg()
   43          {
   44   1          WORD reg = 0;
   45   1          memcpy(&reg, &ReadAckFrame.Data[HostBufIndex], 2);
   46   1          HostBufIndex +=2;
   47   1          reg =  RegSw(reg);
   48   1          return reg;
   49   1      }
   50          
   51          
   52          BYTE HostSendCmd(BYTE Mode, BYTE Addr, BYTE Cmd, WORD Reg, WORD Count, BYTE * Data)
   53          {
   54   1          WORD i = 0;
   55   1          WORD crc, SendLen;
   56   1          //Error();
   57   1          memset(&HostSendFrame, 0, sizeof(HOST_SEND_FRAME));
C251 COMPILER V5.60.0,  ModBusHost                                                         28/02/25  09:05:18  PAGE 2   

   58   1          
   59   1          HostSendFrame.Address = Addr;
   60   1          HostSendFrame.FunctionCode = Cmd;
   61   1          HostSendFrame.RegAddr = RegSw(Reg);
   62   1          HostSendFrame.RegCount =  RegSw(Count);
   63   1      
   64   1          SendLen = 6;
   65   1      
   66   1          if (((Count*2) > 0) && (Data != NULL))
   67   1          {
   68   2              HostSendFrame.Data[0] = Count*2;  // 数据长度
   69   2              SendLen ++;
   70   2              i++;
   71   2              memcpy(&HostSendFrame.Data[1], Data, Count*2);
   72   2              SendLen += Count*2;
   73   2              i+=2;
   74   2          }
   75   1          
   76   1          // 计算CRC , 并添加到数据后面
   77   1          crc = CRC16Calc((BYTE *)&HostSendFrame, SendLen);
   78   1          HostSendFrame.Data[i]  = (BYTE)(crc);
   79   1          HostSendFrame.Data[i+1] = (BYTE)(crc>>8);
   80   1          
   81   1          SendLen += 2; 
   82   1          SendBuffer(Mode, (BYTE *)&HostSendFrame, SendLen);
   83   1      
   84   1          return true;
   85   1      }
   86          
   87          
   88          
   89          // 由于原来是安装MODBUS_RTU写的，发送MODBUS_TCP时特殊处理一下
   90          void SendTcpFrame(BYTE *Data, WORD Length)
   91          {
   92   1          BYTE Head[6] = {0};
   93   1          WORD sLen = Length - 2;  // MODBUS_TCP 没有CRC
   94   1          memcpy(Head,MbId, 2);
   95   1          Head[5] = (BYTE)sLen;
   96   1          
   97   1          //UnusedVar(Data);
   98   1          //Uart3Send(Head,6);
   99   1          //Uart3Send(Data, (BYTE)sLen);
  100   1      }
*** WARNING C47 IN LINE 90 OF ModBus\ModBusHost.c: 'Data': unreferenced parameter
  101          
  102          void SendBuffer(BYTE Mode, BYTE * Data, WORD Length)
  103          {
  104   1          switch(Mode)
  105   1          {
  106   2              case RJ45  : SendTcpFrame(Data, Length);        break;
  107   2              case RS485 : Uart4Send(Data, (BYTE)Length);     break;
  108   2          }
  109   1      }
  110          


Module Information          Static   Overlayable
------------------------------------------------
  code size            =       475     ------
  ecode size           =    ------     ------
  data size            =    ------     ------
  idata size           =    ------     ------
  pdata size           =    ------     ------
  xdata size           =       533     ------
  xdata-const size     =    ------     ------
  edata size           =        40     ------
  bit size             =    ------     ------
C251 COMPILER V5.60.0,  ModBusHost                                                         28/02/25  09:05:18  PAGE 3   

  ebit size            =    ------     ------
  bitaddressable size  =    ------     ------
  ebitaddressable size =    ------     ------
  far data size        =    ------     ------
  huge data size       =    ------     ------
  const size           =    ------     ------
  hconst size          =        18     ------
End of Module Information.


C251 COMPILATION COMPLETE.  1 WARNING(S),  0 ERROR(S)
